2018-12-17 16:32:09.829 |-INFO  [restartedMain] com.fuyi.upms.alone.UpmsAloneBootApplication [50] -| Starting UpmsAloneBootApplication on PC201604071343 with PID 11004 (F:\ws_idea\fuyi\fuyi-upms\fuyi-upms-alone\target\classes started by Administrator in F:\ws_idea\fuyi)
2018-12-17 16:32:09.829 |-DEBUG [restartedMain] com.fuyi.upms.alone.UpmsAloneBootApplication [53] -| Running with Spring Boot v2.1.0.RELEASE, Spring v5.1.2.RELEASE
2018-12-17 16:32:09.829 |-INFO  [restartedMain] com.fuyi.upms.alone.UpmsAloneBootApplication [679] -| The following profiles are active: test
2018-12-17 16:32:09.909 |-INFO  [restartedMain] org.springframework.boot.devtools.env.DevToolsPropertyDefaultsPostProcessor [227] -| Devtools property defaults active! Set 'spring.devtools.add-properties' to 'false' to disable
2018-12-17 16:32:09.939 |-INFO  [restartedMain] org.springframework.boot.devtools.env.DevToolsPropertyDefaultsPostProcessor [227] -| For additional web related logging consider setting the 'logging.level.web' property to 'DEBUG'
2018-12-17 16:32:12.019 |-INFO  [restartedMain] org.springframework.context.support.PostProcessorRegistrationDelegate$BeanPostProcessorChecker [330] -| Bean 'org.springframework.security.config.annotation.configuration.ObjectPostProcessorConfiguration' of type [org.springframework.security.config.annotation.configuration.ObjectPostProcessorConfiguration$$EnhancerBySpringCGLIB$$b9d6caa4] is not eligible for getting processed by all BeanPostProcessors (for example: not eligible for auto-proxying)
2018-12-17 16:32:12.039 |-INFO  [restartedMain] org.springframework.context.support.PostProcessorRegistrationDelegate$BeanPostProcessorChecker [330] -| Bean 'org.springframework.transaction.annotation.ProxyTransactionManagementConfiguration' of type [org.springframework.transaction.annotation.ProxyTransactionManagementConfiguration$$EnhancerBySpringCGLIB$$2129026a] is not eligible for getting processed by all BeanPostProcessors (for example: not eligible for auto-proxying)
2018-12-17 16:32:12.059 |-INFO  [restartedMain] org.springframework.context.support.PostProcessorRegistrationDelegate$BeanPostProcessorChecker [330] -| Bean 'objectPostProcessor' of type [org.springframework.security.config.annotation.configuration.AutowireBeanFactoryObjectPostProcessor] is not eligible for getting processed by all BeanPostProcessors (for example: not eligible for auto-proxying)
2018-12-17 16:32:12.059 |-INFO  [restartedMain] org.springframework.context.support.PostProcessorRegistrationDelegate$BeanPostProcessorChecker [330] -| Bean 'org.springframework.security.access.expression.method.DefaultMethodSecurityExpressionHandler@18418a65' of type [org.springframework.security.access.expression.method.DefaultMethodSecurityExpressionHandler] is not eligible for getting processed by all BeanPostProcessors (for example: not eligible for auto-proxying)
2018-12-17 16:32:12.059 |-INFO  [restartedMain] org.springframework.context.support.PostProcessorRegistrationDelegate$BeanPostProcessorChecker [330] -| Bean 'org.springframework.security.config.annotation.method.configuration.GlobalMethodSecurityConfiguration' of type [org.springframework.security.config.annotation.method.configuration.GlobalMethodSecurityConfiguration$$EnhancerBySpringCGLIB$$deab6d56] is not eligible for getting processed by all BeanPostProcessors (for example: not eligible for auto-proxying)
2018-12-17 16:32:12.059 |-INFO  [restartedMain] org.springframework.context.support.PostProcessorRegistrationDelegate$BeanPostProcessorChecker [330] -| Bean 'methodSecurityMetadataSource' of type [org.springframework.security.access.method.DelegatingMethodSecurityMetadataSource] is not eligible for getting processed by all BeanPostProcessors (for example: not eligible for auto-proxying)
2018-12-17 16:32:12.419 |-INFO  [restartedMain] org.springframework.boot.web.embedded.tomcat.TomcatWebServer [90] -| Tomcat initialized with port(s): 8090 (http)
2018-12-17 16:32:12.439 |-INFO  [restartedMain] org.apache.coyote.http11.Http11NioProtocol [173] -| Initializing ProtocolHandler ["http-nio-8090"]
2018-12-17 16:32:12.439 |-INFO  [restartedMain] org.apache.catalina.core.StandardService [173] -| Starting service [Tomcat]
2018-12-17 16:32:12.439 |-INFO  [restartedMain] org.apache.catalina.core.StandardEngine [173] -| Starting Servlet Engine: Apache Tomcat/9.0.12
2018-12-17 16:32:12.449 |-INFO  [restartedMain] org.apache.catalina.core.AprLifecycleListener [173] -| The APR based Apache Tomcat Native library which allows optimal performance in production environments was not found on the java.library.path: [F:\develop\jdk1.8\bin;C:\Windows\Sun\Java\bin;C:\Windows\system32;C:\Windows;D:\oracle\app\Administrator\product\11.2.0\dbhome_1\bin;C:\Program Files (x86)\Common Files\NetSarang;C:\Windows\system32;C:\Windows;C:\Windows\System32\Wbem;C:\Windows\System32\WindowsPowerShell\v1.0\;F:\develop\jdk1.8\bin;D:\jboss-eap-6.3\bin;D:\MySQL\MySQL Server 5.7\bin;D:\apache-maven-3.3.9\bin;C:\Program Files\TortoiseSVN\bin;F:\develop\geth1.7.3;C:\Program Files\nodejs\;F:\develop\go\bin;tcp://192.168.108.129:2375;F:\develop\gradle-4.7\bin;C:\Users\Administrator\Desktop\docker-credential-wincred-v0.6.0-amd64\;C:\Program Files\TortoiseGit\bin;C:\Program Files\Git\cmd;C:\Users\Administrator\AppData\Roaming\npm;.]
2018-12-17 16:32:12.539 |-INFO  [restartedMain] org.apache.catalina.core.ContainerBase.[Tomcat].[localhost].[/] [173] -| Initializing Spring embedded WebApplicationContext
2018-12-17 16:32:12.539 |-INFO  [restartedMain] org.springframework.web.context.ContextLoader [285] -| Root WebApplicationContext: initialization completed in 2600 ms
2018-12-17 16:32:12.879 |-INFO  [restartedMain] com.alibaba.druid.spring.boot.autoconfigure.DruidDataSourceAutoConfigure [56] -| Init DruidDataSource
2018-12-17 16:32:13.039 |-INFO  [restartedMain] com.alibaba.druid.pool.DruidDataSource [930] -| {dataSource-1} inited
2018-12-17 16:32:13.349 |-INFO  [restartedMain] org.springframework.boot.web.servlet.FilterRegistrationBean [248] -| Mapping filter: 'characterEncodingFilter' to: [/*]
2018-12-17 16:32:13.349 |-INFO  [restartedMain] org.springframework.boot.web.servlet.FilterRegistrationBean [248] -| Mapping filter: 'webMvcMetricsFilter' to: [/*]
2018-12-17 16:32:13.349 |-INFO  [restartedMain] org.springframework.boot.web.servlet.FilterRegistrationBean [248] -| Mapping filter: 'hiddenHttpMethodFilter' to: [/*]
2018-12-17 16:32:13.349 |-INFO  [restartedMain] org.springframework.boot.web.servlet.FilterRegistrationBean [248] -| Mapping filter: 'formContentFilter' to: [/*]
2018-12-17 16:32:13.349 |-INFO  [restartedMain] org.springframework.boot.web.servlet.FilterRegistrationBean [248] -| Mapping filter: 'requestContextFilter' to: [/*]
2018-12-17 16:32:13.360 |-INFO  [restartedMain] org.springframework.boot.web.servlet.DelegatingFilterProxyRegistrationBean [248] -| Mapping filter: 'springSecurityFilterChain' to: [/*]
2018-12-17 16:32:13.360 |-INFO  [restartedMain] org.springframework.boot.web.servlet.FilterRegistrationBean [248] -| Mapping filter: 'httpTraceFilter' to: [/*]
2018-12-17 16:32:13.361 |-INFO  [restartedMain] org.springframework.boot.web.servlet.FilterRegistrationBean [261] -| Mapping filter: 'webStatFilter' to urls: [/*]
2018-12-17 16:32:13.361 |-INFO  [restartedMain] org.springframework.boot.web.servlet.ServletRegistrationBean [186] -| Servlet dispatcherServlet mapped to [/]
2018-12-17 16:32:13.362 |-INFO  [restartedMain] org.springframework.boot.web.servlet.ServletRegistrationBean [186] -| Servlet statViewServlet mapped to [/druid/*]
2018-12-17 16:32:14.341 |-INFO  [restartedMain] org.springframework.boot.actuate.endpoint.web.EndpointLinksResolver [59] -| Exposing 2 endpoint(s) beneath base path '/actuator'
2018-12-17 16:32:14.581 |-INFO  [restartedMain] org.springframework.scheduling.concurrent.ThreadPoolTaskExecutor [171] -| Initializing ExecutorService 'applicationTaskExecutor'
2018-12-17 16:32:14.631 |-INFO  [restartedMain] org.springframework.boot.devtools.autoconfigure.OptionalLiveReloadServer [57] -| LiveReload server is running on port 35729
2018-12-17 16:32:14.711 |-INFO  [restartedMain] org.springframework.boot.autoconfigure.web.servlet.WelcomePageHandlerMapping [56] -| Adding welcome page: class path resource [static/index.html]
2018-12-17 16:32:14.921 |-INFO  [restartedMain] org.springframework.security.web.DefaultSecurityFilterChain [43] -| Creating filter chain: Ant [pattern='/'], []
2018-12-17 16:32:14.921 |-INFO  [restartedMain] org.springframework.security.web.DefaultSecurityFilterChain [43] -| Creating filter chain: Ant [pattern='/index.html'], []
2018-12-17 16:32:14.921 |-INFO  [restartedMain] org.springframework.security.web.DefaultSecurityFilterChain [43] -| Creating filter chain: Ant [pattern='/swagger-ui.html'], []
2018-12-17 16:32:14.921 |-INFO  [restartedMain] org.springframework.security.web.DefaultSecurityFilterChain [43] -| Creating filter chain: Ant [pattern='/static/**'], []
2018-12-17 16:32:14.921 |-INFO  [restartedMain] org.springframework.security.web.DefaultSecurityFilterChain [43] -| Creating filter chain: Ant [pattern='/login_p'], []
2018-12-17 16:32:14.921 |-INFO  [restartedMain] org.springframework.security.web.DefaultSecurityFilterChain [43] -| Creating filter chain: Ant [pattern='/swagger-ui.html'], []
2018-12-17 16:32:14.921 |-INFO  [restartedMain] org.springframework.security.web.DefaultSecurityFilterChain [43] -| Creating filter chain: Ant [pattern='/swagger-resources/**'], []
2018-12-17 16:32:14.921 |-INFO  [restartedMain] org.springframework.security.web.DefaultSecurityFilterChain [43] -| Creating filter chain: Ant [pattern='/images/**'], []
2018-12-17 16:32:14.921 |-INFO  [restartedMain] org.springframework.security.web.DefaultSecurityFilterChain [43] -| Creating filter chain: Ant [pattern='/webjars/**'], []
2018-12-17 16:32:14.921 |-INFO  [restartedMain] org.springframework.security.web.DefaultSecurityFilterChain [43] -| Creating filter chain: Ant [pattern='/v2/api-docs'], []
2018-12-17 16:32:14.921 |-INFO  [restartedMain] org.springframework.security.web.DefaultSecurityFilterChain [43] -| Creating filter chain: Ant [pattern='/configuration/ui'], []
2018-12-17 16:32:14.921 |-INFO  [restartedMain] org.springframework.security.web.DefaultSecurityFilterChain [43] -| Creating filter chain: Ant [pattern='/configuration/security'], []
2018-12-17 16:32:14.951 |-INFO  [restartedMain] org.springframework.security.web.DefaultSecurityFilterChain [43] -| Creating filter chain: any request, [org.springframework.security.web.context.request.async.WebAsyncManagerIntegrationFilter@485b4cbe, org.springframework.security.web.context.SecurityContextPersistenceFilter@218613e0, org.springframework.security.web.header.HeaderWriterFilter@9f9a7ff, org.springframework.security.web.authentication.logout.LogoutFilter@11a5807c, org.springframework.security.web.authentication.UsernamePasswordAuthenticationFilter@229a1f9, org.springframework.security.web.savedrequest.RequestCacheAwareFilter@74244d18, org.springframework.security.web.servletapi.SecurityContextHolderAwareRequestFilter@c73b149, org.springframework.security.web.authentication.AnonymousAuthenticationFilter@10c9a12f, org.springframework.security.web.session.SessionManagementFilter@2a70b1d7, org.springframework.security.web.access.ExceptionTranslationFilter@5c814df0, org.springframework.security.web.access.intercept.FilterSecurityInterceptor@264ee7c8]
2018-12-17 16:32:15.091 |-INFO  [restartedMain] springfox.documentation.spring.web.plugins.DocumentationPluginsBootstrapper [120] -| Context refreshed
2018-12-17 16:32:15.101 |-INFO  [restartedMain] springfox.documentation.spring.web.plugins.DocumentationPluginsBootstrapper [123] -| Found 1 custom documentation plugin(s)
2018-12-17 16:32:15.121 |-INFO  [restartedMain] springfox.documentation.spring.web.scanners.ApiListingReferenceScanner [44] -| Scanning for api listing references
2018-12-17 16:32:15.251 |-INFO  [restartedMain] springfox.documentation.spring.web.readers.operation.CachingOperationNameGenerator [40] -| Generating unique operation named: listUsingGET_1
2018-12-17 16:32:15.261 |-INFO  [restartedMain] springfox.documentation.spring.web.readers.operation.CachingOperationNameGenerator [40] -| Generating unique operation named: createUsingPOST_1
2018-12-17 16:32:15.261 |-INFO  [restartedMain] springfox.documentation.spring.web.readers.operation.CachingOperationNameGenerator [40] -| Generating unique operation named: deleteUsingGET_1
2018-12-17 16:32:15.271 |-INFO  [restartedMain] springfox.documentation.spring.web.readers.operation.CachingOperationNameGenerator [40] -| Generating unique operation named: deleteUsingPOST_1
2018-12-17 16:32:15.271 |-INFO  [restartedMain] springfox.documentation.spring.web.readers.operation.CachingOperationNameGenerator [40] -| Generating unique operation named: listUsingGET_2
2018-12-17 16:32:15.281 |-INFO  [restartedMain] springfox.documentation.spring.web.readers.operation.CachingOperationNameGenerator [40] -| Generating unique operation named: createUsingPOST_2
2018-12-17 16:32:15.281 |-INFO  [restartedMain] springfox.documentation.spring.web.readers.operation.CachingOperationNameGenerator [40] -| Generating unique operation named: deleteUsingGET_2
2018-12-17 16:32:15.281 |-INFO  [restartedMain] springfox.documentation.spring.web.readers.operation.CachingOperationNameGenerator [40] -| Generating unique operation named: deleteUsingPOST_2
2018-12-17 16:32:15.281 |-INFO  [restartedMain] springfox.documentation.spring.web.readers.operation.CachingOperationNameGenerator [40] -| Generating unique operation named: listUsingGET_3
2018-12-17 16:32:15.291 |-INFO  [restartedMain] springfox.documentation.spring.web.readers.operation.CachingOperationNameGenerator [40] -| Generating unique operation named: createUsingPOST_3
2018-12-17 16:32:15.301 |-INFO  [restartedMain] springfox.documentation.spring.web.readers.operation.CachingOperationNameGenerator [40] -| Generating unique operation named: deleteUsingGET_3
2018-12-17 16:32:15.301 |-INFO  [restartedMain] springfox.documentation.spring.web.readers.operation.CachingOperationNameGenerator [40] -| Generating unique operation named: deleteUsingPOST_3
2018-12-17 16:32:15.301 |-INFO  [restartedMain] springfox.documentation.spring.web.readers.operation.CachingOperationNameGenerator [40] -| Generating unique operation named: listUsingGET_4
2018-12-17 16:32:15.311 |-INFO  [restartedMain] springfox.documentation.spring.web.readers.operation.CachingOperationNameGenerator [40] -| Generating unique operation named: createUsingPOST_4
2018-12-17 16:32:15.311 |-INFO  [restartedMain] springfox.documentation.spring.web.readers.operation.CachingOperationNameGenerator [40] -| Generating unique operation named: deleteUsingGET_4
2018-12-17 16:32:15.311 |-INFO  [restartedMain] springfox.documentation.spring.web.readers.operation.CachingOperationNameGenerator [40] -| Generating unique operation named: deleteUsingPOST_4
2018-12-17 16:32:15.321 |-INFO  [restartedMain] springfox.documentation.spring.web.readers.operation.CachingOperationNameGenerator [40] -| Generating unique operation named: listUsingGET_5
2018-12-17 16:32:15.321 |-INFO  [restartedMain] springfox.documentation.spring.web.readers.operation.CachingOperationNameGenerator [40] -| Generating unique operation named: permissionsUsingGET_1
2018-12-17 16:32:15.341 |-DEBUG [restartedMain] com.fuyi.framework.service.listener.ApplicationContextListener [27] -| >>>>> spring初始化完毕 <<<<<
2018-12-17 16:32:15.351 |-DEBUG [restartedMain] com.fuyi.framework.service.listener.ApplicationContextListener [31] -| >>>>> com.fuyi.upms.alone.service.OperationLogServiceImpl.initMapper()
2018-12-17 16:32:15.361 |-DEBUG [restartedMain] com.fuyi.framework.service.listener.ApplicationContextListener [31] -| >>>>> com.fuyi.upms.alone.service.OrganizationServiceImpl.initMapper()
2018-12-17 16:32:15.361 |-DEBUG [restartedMain] com.fuyi.framework.service.listener.ApplicationContextListener [31] -| >>>>> com.fuyi.upms.alone.service.PermissionServiceImpl$$EnhancerBySpringCGLIB$$6b89738d.initMapper()
2018-12-17 16:32:15.361 |-DEBUG [restartedMain] com.fuyi.framework.service.listener.ApplicationContextListener [31] -| >>>>> com.fuyi.upms.alone.service.RoleServiceImpl$$EnhancerBySpringCGLIB$$2c2a4c58.initMapper()
2018-12-17 16:32:15.371 |-DEBUG [restartedMain] com.fuyi.framework.service.listener.ApplicationContextListener [31] -| >>>>> com.fuyi.upms.alone.service.SystemServiceImpl.initMapper()
2018-12-17 16:32:15.371 |-DEBUG [restartedMain] com.fuyi.framework.service.listener.ApplicationContextListener [31] -| >>>>> com.fuyi.upms.alone.service.UserServiceImpl$$EnhancerBySpringCGLIB$$27473d9.initMapper()
2018-12-17 16:32:15.371 |-DEBUG [restartedMain] com.fuyi.framework.service.listener.ApplicationContextListener [43] -| >>>>> 系统开始初始化 <<<<<
2018-12-17 16:32:15.371 |-DEBUG [restartedMain] com.fuyi.framework.service.listener.ApplicationContextListener [45] -| >>>>> com.fuyi.upms.alone.init.Initialize.init()
2018-12-17 16:32:15.371 |-INFO  [restartedMain] com.fuyi.upms.alone.init.Initialize [19] -| >>>>> 系统初始化
2018-12-17 16:32:15.371 |-INFO  [restartedMain] org.apache.coyote.http11.Http11NioProtocol [173] -| Starting ProtocolHandler ["http-nio-8090"]
2018-12-17 16:32:15.381 |-INFO  [restartedMain] org.apache.tomcat.util.net.NioSelectorPool [173] -| Using a shared selector for servlet write/read
2018-12-17 16:32:15.431 |-INFO  [restartedMain] org.springframework.boot.web.embedded.tomcat.TomcatWebServer [204] -| Tomcat started on port(s): 8090 (http) with context path ''
2018-12-17 16:32:15.431 |-INFO  [restartedMain] com.fuyi.upms.alone.UpmsAloneBootApplication [59] -| Started UpmsAloneBootApplication in 6.042 seconds (JVM running for 7.882)
2018-12-17 16:32:31.742 |-INFO  [http-nio-8090-exec-1] org.apache.catalina.core.ContainerBase.[Tomcat].[localhost].[/] [173] -| Initializing Spring DispatcherServlet 'dispatcherServlet'
2018-12-17 16:32:31.743 |-INFO  [http-nio-8090-exec-1] org.springframework.web.servlet.DispatcherServlet [521] -| Initializing Servlet 'dispatcherServlet'
2018-12-17 16:32:31.751 |-INFO  [http-nio-8090-exec-1] org.springframework.web.servlet.DispatcherServlet [543] -| Completed initialization in 8 ms
2018-12-17 16:32:39.170 |-DEBUG [http-nio-8090-exec-2] com.fuyi.upms.dao.mapper.UpmsUserMapper.selectByExample [159] -| ==>  Preparing: select 'true' as QUERYID, user_id, username, password, salt, realname, avatar, phone, email, sex, locked, ctime from upms_user WHERE ( username = ? ) 
2018-12-17 16:32:39.217 |-DEBUG [http-nio-8090-exec-2] com.fuyi.upms.dao.mapper.UpmsUserMapper.selectByExample [159] -| ==> Parameters: fuyi(String)
2018-12-17 16:32:39.398 |-DEBUG [http-nio-8090-exec-2] com.fuyi.upms.dao.mapper.UpmsUserMapper.selectByExample [159] -| <==      Total: 1
2018-12-17 16:32:39.405 |-DEBUG [http-nio-8090-exec-2] com.fuyi.upms.dao.mapper.UpmsUserRoleMapper.selectByExample [159] -| ==>  Preparing: select 'true' as QUERYID, user_role_id, user_id, role_id from upms_user_role WHERE ( user_id = ? ) 
2018-12-17 16:32:39.407 |-DEBUG [http-nio-8090-exec-2] com.fuyi.upms.dao.mapper.UpmsUserRoleMapper.selectByExample [159] -| ==> Parameters: 3(Integer)
2018-12-17 16:32:39.430 |-DEBUG [http-nio-8090-exec-2] com.fuyi.upms.dao.mapper.UpmsUserRoleMapper.selectByExample [159] -| <==      Total: 1
2018-12-17 16:32:39.431 |-DEBUG [http-nio-8090-exec-2] com.fuyi.upms.dao.mapper.UpmsRoleMapper.selectByPrimaryKey [159] -| ==>  Preparing: select role_id, name, title, description, ctime, orders from upms_role where role_id = ? 
2018-12-17 16:32:39.432 |-DEBUG [http-nio-8090-exec-2] com.fuyi.upms.dao.mapper.UpmsRoleMapper.selectByPrimaryKey [159] -| ==> Parameters: 3(Integer)
2018-12-17 16:32:39.468 |-DEBUG [http-nio-8090-exec-2] com.fuyi.upms.dao.mapper.UpmsRoleMapper.selectByPrimaryKey [159] -| <==      Total: 1
2018-12-17 16:34:09.628 |-DEBUG [http-nio-8090-exec-5] com.fuyi.upms.dao.mapper.UpmsPermissionMapper.selectByExample [159] -| ==>  Preparing: select 'true' as QUERYID, permission_id, system_id, pid, name, type, permission_value, uri, icon, status, ctime, orders from upms_permission 
2018-12-17 16:34:09.629 |-DEBUG [http-nio-8090-exec-5] com.fuyi.upms.dao.mapper.UpmsPermissionMapper.selectByExample [159] -| ==> Parameters: 
2018-12-17 16:34:09.667 |-DEBUG [http-nio-8090-exec-5] com.fuyi.upms.dao.mapper.UpmsPermissionMapper.selectByExample [159] -| <==      Total: 69
2018-12-17 16:34:50.099 |-DEBUG [http-nio-8090-exec-4] com.fuyi.upms.dao.mapper.UpmsPermissionMapper.selectByExample [159] -| ==>  Preparing: select 'true' as QUERYID, permission_id, system_id, pid, name, type, permission_value, uri, icon, status, ctime, orders from upms_permission 
2018-12-17 16:34:50.099 |-DEBUG [http-nio-8090-exec-4] com.fuyi.upms.dao.mapper.UpmsPermissionMapper.selectByExample [159] -| ==> Parameters: 
2018-12-17 16:34:50.118 |-DEBUG [http-nio-8090-exec-4] com.fuyi.upms.dao.mapper.UpmsPermissionMapper.selectByExample [159] -| <==      Total: 69
2018-12-17 16:34:50.136 |-DEBUG [http-nio-8090-exec-4] com.fuyi.upms.dao.mapper.UpmsRolePermissionMapper.selectByExample [159] -| ==>  Preparing: select 'true' as QUERYID, role_permission_id, role_id, permission_id from upms_role_permission WHERE ( role_id = ? ) 
2018-12-17 16:34:50.137 |-DEBUG [http-nio-8090-exec-4] com.fuyi.upms.dao.mapper.UpmsRolePermissionMapper.selectByExample [159] -| ==> Parameters: 3(Integer)
2018-12-17 16:34:50.212 |-DEBUG [http-nio-8090-exec-4] com.fuyi.upms.dao.mapper.UpmsRolePermissionMapper.selectByExample [159] -| <==      Total: 14
2018-12-17 16:34:50.227 |-DEBUG [http-nio-8090-exec-4] com.fuyi.upms.dao.mapper.UpmsPermissionMapper.selectByPrimaryKey [159] -| ==>  Preparing: select permission_id, system_id, pid, name, type, permission_value, uri, icon, status, ctime, orders from upms_permission where permission_id = ? 
2018-12-17 16:34:50.227 |-DEBUG [http-nio-8090-exec-4] com.fuyi.upms.dao.mapper.UpmsPermissionMapper.selectByPrimaryKey [159] -| ==> Parameters: 1(Integer)
2018-12-17 16:34:50.228 |-DEBUG [http-nio-8090-exec-4] com.fuyi.upms.dao.mapper.UpmsPermissionMapper.selectByPrimaryKey [159] -| <==      Total: 1
2018-12-17 16:34:50.229 |-DEBUG [http-nio-8090-exec-4] com.fuyi.upms.dao.mapper.UpmsPermissionMapper.selectByPrimaryKey [159] -| ==>  Preparing: select permission_id, system_id, pid, name, type, permission_value, uri, icon, status, ctime, orders from upms_permission where permission_id = ? 
2018-12-17 16:34:50.230 |-DEBUG [http-nio-8090-exec-4] com.fuyi.upms.dao.mapper.UpmsPermissionMapper.selectByPrimaryKey [159] -| ==> Parameters: 2(Integer)
2018-12-17 16:34:50.231 |-DEBUG [http-nio-8090-exec-4] com.fuyi.upms.dao.mapper.UpmsPermissionMapper.selectByPrimaryKey [159] -| <==      Total: 1
2018-12-17 16:34:50.231 |-DEBUG [http-nio-8090-exec-4] com.fuyi.upms.dao.mapper.UpmsPermissionMapper.selectByPrimaryKey [159] -| ==>  Preparing: select permission_id, system_id, pid, name, type, permission_value, uri, icon, status, ctime, orders from upms_permission where permission_id = ? 
2018-12-17 16:34:50.232 |-DEBUG [http-nio-8090-exec-4] com.fuyi.upms.dao.mapper.UpmsPermissionMapper.selectByPrimaryKey [159] -| ==> Parameters: 3(Integer)
2018-12-17 16:34:50.233 |-DEBUG [http-nio-8090-exec-4] com.fuyi.upms.dao.mapper.UpmsPermissionMapper.selectByPrimaryKey [159] -| <==      Total: 1
2018-12-17 16:34:50.234 |-DEBUG [http-nio-8090-exec-4] com.fuyi.upms.dao.mapper.UpmsPermissionMapper.selectByPrimaryKey [159] -| ==>  Preparing: select permission_id, system_id, pid, name, type, permission_value, uri, icon, status, ctime, orders from upms_permission where permission_id = ? 
2018-12-17 16:34:50.234 |-DEBUG [http-nio-8090-exec-4] com.fuyi.upms.dao.mapper.UpmsPermissionMapper.selectByPrimaryKey [159] -| ==> Parameters: 24(Integer)
2018-12-17 16:34:50.235 |-DEBUG [http-nio-8090-exec-4] com.fuyi.upms.dao.mapper.UpmsPermissionMapper.selectByPrimaryKey [159] -| <==      Total: 1
2018-12-17 16:34:50.235 |-DEBUG [http-nio-8090-exec-4] com.fuyi.upms.dao.mapper.UpmsPermissionMapper.selectByPrimaryKey [159] -| ==>  Preparing: select permission_id, system_id, pid, name, type, permission_value, uri, icon, status, ctime, orders from upms_permission where permission_id = ? 
2018-12-17 16:34:50.236 |-DEBUG [http-nio-8090-exec-4] com.fuyi.upms.dao.mapper.UpmsPermissionMapper.selectByPrimaryKey [159] -| ==> Parameters: 25(Integer)
2018-12-17 16:34:50.237 |-DEBUG [http-nio-8090-exec-4] com.fuyi.upms.dao.mapper.UpmsPermissionMapper.selectByPrimaryKey [159] -| <==      Total: 1
2018-12-17 16:34:50.237 |-DEBUG [http-nio-8090-exec-4] com.fuyi.upms.dao.mapper.UpmsPermissionMapper.selectByPrimaryKey [159] -| ==>  Preparing: select permission_id, system_id, pid, name, type, permission_value, uri, icon, status, ctime, orders from upms_permission where permission_id = ? 
2018-12-17 16:34:50.238 |-DEBUG [http-nio-8090-exec-4] com.fuyi.upms.dao.mapper.UpmsPermissionMapper.selectByPrimaryKey [159] -| ==> Parameters: 26(Integer)
2018-12-17 16:34:50.239 |-DEBUG [http-nio-8090-exec-4] com.fuyi.upms.dao.mapper.UpmsPermissionMapper.selectByPrimaryKey [159] -| <==      Total: 1
2018-12-17 16:34:50.239 |-DEBUG [http-nio-8090-exec-4] com.fuyi.upms.dao.mapper.UpmsPermissionMapper.selectByPrimaryKey [159] -| ==>  Preparing: select permission_id, system_id, pid, name, type, permission_value, uri, icon, status, ctime, orders from upms_permission where permission_id = ? 
2018-12-17 16:34:50.240 |-DEBUG [http-nio-8090-exec-4] com.fuyi.upms.dao.mapper.UpmsPermissionMapper.selectByPrimaryKey [159] -| ==> Parameters: 4(Integer)
2018-12-17 16:34:50.241 |-DEBUG [http-nio-8090-exec-4] com.fuyi.upms.dao.mapper.UpmsPermissionMapper.selectByPrimaryKey [159] -| <==      Total: 1
2018-12-17 16:34:50.241 |-DEBUG [http-nio-8090-exec-4] com.fuyi.upms.dao.mapper.UpmsPermissionMapper.selectByPrimaryKey [159] -| ==>  Preparing: select permission_id, system_id, pid, name, type, permission_value, uri, icon, status, ctime, orders from upms_permission where permission_id = ? 
2018-12-17 16:34:50.242 |-DEBUG [http-nio-8090-exec-4] com.fuyi.upms.dao.mapper.UpmsPermissionMapper.selectByPrimaryKey [159] -| ==> Parameters: 5(Integer)
2018-12-17 16:34:50.243 |-DEBUG [http-nio-8090-exec-4] com.fuyi.upms.dao.mapper.UpmsPermissionMapper.selectByPrimaryKey [159] -| <==      Total: 1
2018-12-17 16:34:50.243 |-DEBUG [http-nio-8090-exec-4] com.fuyi.upms.dao.mapper.UpmsPermissionMapper.selectByPrimaryKey [159] -| ==>  Preparing: select permission_id, system_id, pid, name, type, permission_value, uri, icon, status, ctime, orders from upms_permission where permission_id = ? 
2018-12-17 16:34:50.244 |-DEBUG [http-nio-8090-exec-4] com.fuyi.upms.dao.mapper.UpmsPermissionMapper.selectByPrimaryKey [159] -| ==> Parameters: 6(Integer)
2018-12-17 16:34:50.244 |-DEBUG [http-nio-8090-exec-4] com.fuyi.upms.dao.mapper.UpmsPermissionMapper.selectByPrimaryKey [159] -| <==      Total: 1
2018-12-17 16:34:50.245 |-DEBUG [http-nio-8090-exec-4] com.fuyi.upms.dao.mapper.UpmsPermissionMapper.selectByPrimaryKey [159] -| ==>  Preparing: select permission_id, system_id, pid, name, type, permission_value, uri, icon, status, ctime, orders from upms_permission where permission_id = ? 
2018-12-17 16:34:50.246 |-DEBUG [http-nio-8090-exec-4] com.fuyi.upms.dao.mapper.UpmsPermissionMapper.selectByPrimaryKey [159] -| ==> Parameters: 7(Integer)
2018-12-17 16:34:50.248 |-DEBUG [http-nio-8090-exec-4] com.fuyi.upms.dao.mapper.UpmsPermissionMapper.selectByPrimaryKey [159] -| <==      Total: 1
2018-12-17 16:34:50.249 |-DEBUG [http-nio-8090-exec-4] com.fuyi.upms.dao.mapper.UpmsPermissionMapper.selectByPrimaryKey [159] -| ==>  Preparing: select permission_id, system_id, pid, name, type, permission_value, uri, icon, status, ctime, orders from upms_permission where permission_id = ? 
2018-12-17 16:34:50.249 |-DEBUG [http-nio-8090-exec-4] com.fuyi.upms.dao.mapper.UpmsPermissionMapper.selectByPrimaryKey [159] -| ==> Parameters: 39(Integer)
2018-12-17 16:34:50.250 |-DEBUG [http-nio-8090-exec-4] com.fuyi.upms.dao.mapper.UpmsPermissionMapper.selectByPrimaryKey [159] -| <==      Total: 1
2018-12-17 16:34:50.251 |-DEBUG [http-nio-8090-exec-4] com.fuyi.upms.dao.mapper.UpmsPermissionMapper.selectByPrimaryKey [159] -| ==>  Preparing: select permission_id, system_id, pid, name, type, permission_value, uri, icon, status, ctime, orders from upms_permission where permission_id = ? 
2018-12-17 16:34:50.251 |-DEBUG [http-nio-8090-exec-4] com.fuyi.upms.dao.mapper.UpmsPermissionMapper.selectByPrimaryKey [159] -| ==> Parameters: 36(Integer)
2018-12-17 16:34:50.252 |-DEBUG [http-nio-8090-exec-4] com.fuyi.upms.dao.mapper.UpmsPermissionMapper.selectByPrimaryKey [159] -| <==      Total: 1
2018-12-17 16:34:50.252 |-DEBUG [http-nio-8090-exec-4] com.fuyi.upms.dao.mapper.UpmsPermissionMapper.selectByPrimaryKey [159] -| ==>  Preparing: select permission_id, system_id, pid, name, type, permission_value, uri, icon, status, ctime, orders from upms_permission where permission_id = ? 
2018-12-17 16:34:50.253 |-DEBUG [http-nio-8090-exec-4] com.fuyi.upms.dao.mapper.UpmsPermissionMapper.selectByPrimaryKey [159] -| ==> Parameters: 37(Integer)
2018-12-17 16:34:50.254 |-DEBUG [http-nio-8090-exec-4] com.fuyi.upms.dao.mapper.UpmsPermissionMapper.selectByPrimaryKey [159] -| <==      Total: 1
2018-12-17 16:34:50.255 |-DEBUG [http-nio-8090-exec-4] com.fuyi.upms.dao.mapper.UpmsPermissionMapper.selectByPrimaryKey [159] -| ==>  Preparing: select permission_id, system_id, pid, name, type, permission_value, uri, icon, status, ctime, orders from upms_permission where permission_id = ? 
2018-12-17 16:34:50.255 |-DEBUG [http-nio-8090-exec-4] com.fuyi.upms.dao.mapper.UpmsPermissionMapper.selectByPrimaryKey [159] -| ==> Parameters: 38(Integer)
2018-12-17 16:34:50.256 |-DEBUG [http-nio-8090-exec-4] com.fuyi.upms.dao.mapper.UpmsPermissionMapper.selectByPrimaryKey [159] -| <==      Total: 1
