2018-12-05 10:57:24.009 |-INFO  [restartedMain] com.fuyi.upms.alone.UpmsAloneBootApplication [50] -| Starting UpmsAloneBootApplication on PC201604071343 with PID 34632 (F:\ws_idea\fuyi\fuyi-upms\fuyi-upms-alone\target\classes started by Administrator in F:\ws_idea\fuyi)
2018-12-05 10:57:24.059 |-DEBUG [restartedMain] com.fuyi.upms.alone.UpmsAloneBootApplication [53] -| Running with Spring Boot v2.1.0.RELEASE, Spring v5.1.2.RELEASE
2018-12-05 10:57:24.059 |-INFO  [restartedMain] com.fuyi.upms.alone.UpmsAloneBootApplication [679] -| The following profiles are active: test
2018-12-05 10:57:24.179 |-INFO  [restartedMain] org.springframework.boot.devtools.env.DevToolsPropertyDefaultsPostProcessor [227] -| Devtools property defaults active! Set 'spring.devtools.add-properties' to 'false' to disable
2018-12-05 10:57:24.189 |-INFO  [restartedMain] org.springframework.boot.devtools.env.DevToolsPropertyDefaultsPostProcessor [227] -| For additional web related logging consider setting the 'logging.level.web' property to 'DEBUG'
2018-12-05 10:57:28.073 |-INFO  [restartedMain] org.springframework.context.support.PostProcessorRegistrationDelegate$BeanPostProcessorChecker [330] -| Bean 'org.springframework.security.config.annotation.configuration.ObjectPostProcessorConfiguration' of type [org.springframework.security.config.annotation.configuration.ObjectPostProcessorConfiguration$$EnhancerBySpringCGLIB$$f40a7b5c] is not eligible for getting processed by all BeanPostProcessors (for example: not eligible for auto-proxying)
2018-12-05 10:57:28.083 |-INFO  [restartedMain] org.springframework.context.support.PostProcessorRegistrationDelegate$BeanPostProcessorChecker [330] -| Bean 'org.springframework.transaction.annotation.ProxyTransactionManagementConfiguration' of type [org.springframework.transaction.annotation.ProxyTransactionManagementConfiguration$$EnhancerBySpringCGLIB$$5b5cb322] is not eligible for getting processed by all BeanPostProcessors (for example: not eligible for auto-proxying)
2018-12-05 10:57:28.103 |-INFO  [restartedMain] org.springframework.context.support.PostProcessorRegistrationDelegate$BeanPostProcessorChecker [330] -| Bean 'objectPostProcessor' of type [org.springframework.security.config.annotation.configuration.AutowireBeanFactoryObjectPostProcessor] is not eligible for getting processed by all BeanPostProcessors (for example: not eligible for auto-proxying)
2018-12-05 10:57:28.113 |-INFO  [restartedMain] org.springframework.context.support.PostProcessorRegistrationDelegate$BeanPostProcessorChecker [330] -| Bean 'org.springframework.security.access.expression.method.DefaultMethodSecurityExpressionHandler@1167a521' of type [org.springframework.security.access.expression.method.DefaultMethodSecurityExpressionHandler] is not eligible for getting processed by all BeanPostProcessors (for example: not eligible for auto-proxying)
2018-12-05 10:57:28.113 |-INFO  [restartedMain] org.springframework.context.support.PostProcessorRegistrationDelegate$BeanPostProcessorChecker [330] -| Bean 'org.springframework.security.config.annotation.method.configuration.GlobalMethodSecurityConfiguration' of type [org.springframework.security.config.annotation.method.configuration.GlobalMethodSecurityConfiguration$$EnhancerBySpringCGLIB$$18df1e0e] is not eligible for getting processed by all BeanPostProcessors (for example: not eligible for auto-proxying)
2018-12-05 10:57:28.113 |-INFO  [restartedMain] org.springframework.context.support.PostProcessorRegistrationDelegate$BeanPostProcessorChecker [330] -| Bean 'methodSecurityMetadataSource' of type [org.springframework.security.access.method.DelegatingMethodSecurityMetadataSource] is not eligible for getting processed by all BeanPostProcessors (for example: not eligible for auto-proxying)
2018-12-05 10:57:28.746 |-INFO  [restartedMain] org.springframework.boot.web.embedded.tomcat.TomcatWebServer [90] -| Tomcat initialized with port(s): 8090 (http)
2018-12-05 10:57:28.786 |-INFO  [restartedMain] org.apache.coyote.http11.Http11NioProtocol [173] -| Initializing ProtocolHandler ["http-nio-8090"]
2018-12-05 10:57:28.786 |-INFO  [restartedMain] org.apache.catalina.core.StandardService [173] -| Starting service [Tomcat]
2018-12-05 10:57:28.786 |-INFO  [restartedMain] org.apache.catalina.core.StandardEngine [173] -| Starting Servlet Engine: Apache Tomcat/9.0.12
2018-12-05 10:57:28.796 |-INFO  [restartedMain] org.apache.catalina.core.AprLifecycleListener [173] -| The APR based Apache Tomcat Native library which allows optimal performance in production environments was not found on the java.library.path: [F:\develop\jdk1.8\bin;C:\Windows\Sun\Java\bin;C:\Windows\system32;C:\Windows;D:\oracle\app\Administrator\product\11.2.0\dbhome_1\bin;C:\Program Files (x86)\Common Files\NetSarang;C:\Windows\system32;C:\Windows;C:\Windows\System32\Wbem;C:\Windows\System32\WindowsPowerShell\v1.0\;F:\develop\jdk1.8\bin;D:\jboss-eap-6.3\bin;D:\MySQL\MySQL Server 5.7\bin;D:\apache-maven-3.3.9\bin;C:\Program Files\TortoiseSVN\bin;F:\develop\geth1.7.3;C:\Program Files\nodejs\;F:\develop\go\bin;tcp://192.168.108.129:2375;F:\develop\gradle-4.7\bin;C:\Users\Administrator\Desktop\docker-credential-wincred-v0.6.0-amd64\;C:\Program Files\TortoiseGit\bin;C:\Program Files\Git\cmd;C:\Users\Administrator\AppData\Roaming\npm;.]
2018-12-05 10:57:28.936 |-INFO  [restartedMain] org.apache.catalina.core.ContainerBase.[Tomcat].[localhost].[/] [173] -| Initializing Spring embedded WebApplicationContext
2018-12-05 10:57:28.936 |-INFO  [restartedMain] org.springframework.web.context.ContextLoader [285] -| Root WebApplicationContext: initialization completed in 4747 ms
2018-12-05 10:57:29.328 |-INFO  [restartedMain] com.alibaba.druid.spring.boot.autoconfigure.DruidDataSourceAutoConfigure [56] -| Init DruidDataSource
2018-12-05 10:57:29.762 |-INFO  [restartedMain] com.alibaba.druid.pool.DruidDataSource [930] -| {dataSource-1} inited
2018-12-05 10:57:29.962 |-INFO  [restartedMain] org.springframework.boot.web.servlet.FilterRegistrationBean [248] -| Mapping filter: 'characterEncodingFilter' to: [/*]
2018-12-05 10:57:29.962 |-INFO  [restartedMain] org.springframework.boot.web.servlet.FilterRegistrationBean [248] -| Mapping filter: 'webMvcMetricsFilter' to: [/*]
2018-12-05 10:57:29.962 |-INFO  [restartedMain] org.springframework.boot.web.servlet.FilterRegistrationBean [248] -| Mapping filter: 'hiddenHttpMethodFilter' to: [/*]
2018-12-05 10:57:29.962 |-INFO  [restartedMain] org.springframework.boot.web.servlet.FilterRegistrationBean [248] -| Mapping filter: 'formContentFilter' to: [/*]
2018-12-05 10:57:29.962 |-INFO  [restartedMain] org.springframework.boot.web.servlet.FilterRegistrationBean [248] -| Mapping filter: 'requestContextFilter' to: [/*]
2018-12-05 10:57:29.962 |-INFO  [restartedMain] org.springframework.boot.web.servlet.DelegatingFilterProxyRegistrationBean [248] -| Mapping filter: 'springSecurityFilterChain' to: [/*]
2018-12-05 10:57:29.962 |-INFO  [restartedMain] org.springframework.boot.web.servlet.FilterRegistrationBean [248] -| Mapping filter: 'httpTraceFilter' to: [/*]
2018-12-05 10:57:29.962 |-INFO  [restartedMain] org.springframework.boot.web.servlet.FilterRegistrationBean [261] -| Mapping filter: 'webStatFilter' to urls: [/*]
2018-12-05 10:57:29.962 |-INFO  [restartedMain] org.springframework.boot.web.servlet.ServletRegistrationBean [186] -| Servlet dispatcherServlet mapped to [/]
2018-12-05 10:57:29.962 |-INFO  [restartedMain] org.springframework.boot.web.servlet.ServletRegistrationBean [186] -| Servlet statViewServlet mapped to [/druid/*]
2018-12-05 10:57:31.165 |-INFO  [restartedMain] org.springframework.boot.actuate.endpoint.web.EndpointLinksResolver [59] -| Exposing 2 endpoint(s) beneath base path '/actuator'
2018-12-05 10:57:31.458 |-INFO  [restartedMain] org.springframework.scheduling.concurrent.ThreadPoolTaskExecutor [171] -| Initializing ExecutorService 'applicationTaskExecutor'
2018-12-05 10:57:31.598 |-INFO  [restartedMain] org.springframework.boot.devtools.autoconfigure.OptionalLiveReloadServer [57] -| LiveReload server is running on port 35729
2018-12-05 10:57:31.678 |-INFO  [restartedMain] org.springframework.boot.autoconfigure.web.servlet.WelcomePageHandlerMapping [56] -| Adding welcome page: class path resource [static/index.html]
2018-12-05 10:57:31.988 |-INFO  [restartedMain] org.springframework.security.web.DefaultSecurityFilterChain [43] -| Creating filter chain: Ant [pattern='/'], []
2018-12-05 10:57:31.988 |-INFO  [restartedMain] org.springframework.security.web.DefaultSecurityFilterChain [43] -| Creating filter chain: Ant [pattern='/index.html'], []
2018-12-05 10:57:31.988 |-INFO  [restartedMain] org.springframework.security.web.DefaultSecurityFilterChain [43] -| Creating filter chain: Ant [pattern='/swagger-ui.html'], []
2018-12-05 10:57:31.988 |-INFO  [restartedMain] org.springframework.security.web.DefaultSecurityFilterChain [43] -| Creating filter chain: Ant [pattern='/static/**'], []
2018-12-05 10:57:31.988 |-INFO  [restartedMain] org.springframework.security.web.DefaultSecurityFilterChain [43] -| Creating filter chain: Ant [pattern='/login_p'], []
2018-12-05 10:57:31.988 |-INFO  [restartedMain] org.springframework.security.web.DefaultSecurityFilterChain [43] -| Creating filter chain: Ant [pattern='/swagger-ui.html'], []
2018-12-05 10:57:31.988 |-INFO  [restartedMain] org.springframework.security.web.DefaultSecurityFilterChain [43] -| Creating filter chain: Ant [pattern='/swagger-resources/**'], []
2018-12-05 10:57:31.988 |-INFO  [restartedMain] org.springframework.security.web.DefaultSecurityFilterChain [43] -| Creating filter chain: Ant [pattern='/images/**'], []
2018-12-05 10:57:31.988 |-INFO  [restartedMain] org.springframework.security.web.DefaultSecurityFilterChain [43] -| Creating filter chain: Ant [pattern='/webjars/**'], []
2018-12-05 10:57:31.988 |-INFO  [restartedMain] org.springframework.security.web.DefaultSecurityFilterChain [43] -| Creating filter chain: Ant [pattern='/v2/api-docs'], []
2018-12-05 10:57:31.988 |-INFO  [restartedMain] org.springframework.security.web.DefaultSecurityFilterChain [43] -| Creating filter chain: Ant [pattern='/configuration/ui'], []
2018-12-05 10:57:31.988 |-INFO  [restartedMain] org.springframework.security.web.DefaultSecurityFilterChain [43] -| Creating filter chain: Ant [pattern='/configuration/security'], []
2018-12-05 10:57:32.018 |-INFO  [restartedMain] org.springframework.security.web.DefaultSecurityFilterChain [43] -| Creating filter chain: any request, [org.springframework.security.web.context.request.async.WebAsyncManagerIntegrationFilter@cc72bc0, org.springframework.security.web.context.SecurityContextPersistenceFilter@3d5a25a0, org.springframework.security.web.header.HeaderWriterFilter@3a28e2c4, org.springframework.security.web.authentication.logout.LogoutFilter@107248bd, org.springframework.security.web.authentication.UsernamePasswordAuthenticationFilter@72a2b5f7, org.springframework.security.web.savedrequest.RequestCacheAwareFilter@6bde272f, org.springframework.security.web.servletapi.SecurityContextHolderAwareRequestFilter@602aa831, org.springframework.security.web.authentication.AnonymousAuthenticationFilter@4eacb12f, org.springframework.security.web.session.SessionManagementFilter@782c39f7, org.springframework.security.web.access.ExceptionTranslationFilter@1829cf73, org.springframework.security.web.access.intercept.FilterSecurityInterceptor@25ec22dc]
2018-12-05 10:57:32.238 |-INFO  [restartedMain] springfox.documentation.spring.web.plugins.DocumentationPluginsBootstrapper [120] -| Context refreshed
2018-12-05 10:57:32.258 |-INFO  [restartedMain] springfox.documentation.spring.web.plugins.DocumentationPluginsBootstrapper [123] -| Found 1 custom documentation plugin(s)
2018-12-05 10:57:32.271 |-INFO  [restartedMain] springfox.documentation.spring.web.scanners.ApiListingReferenceScanner [44] -| Scanning for api listing references
2018-12-05 10:57:32.451 |-INFO  [restartedMain] springfox.documentation.spring.web.readers.operation.CachingOperationNameGenerator [40] -| Generating unique operation named: listUsingGET_1
2018-12-05 10:57:32.461 |-INFO  [restartedMain] springfox.documentation.spring.web.readers.operation.CachingOperationNameGenerator [40] -| Generating unique operation named: createUsingPOST_1
2018-12-05 10:57:32.461 |-INFO  [restartedMain] springfox.documentation.spring.web.readers.operation.CachingOperationNameGenerator [40] -| Generating unique operation named: deleteUsingGET_1
2018-12-05 10:57:32.471 |-INFO  [restartedMain] springfox.documentation.spring.web.readers.operation.CachingOperationNameGenerator [40] -| Generating unique operation named: deleteUsingPOST_1
2018-12-05 10:57:32.471 |-INFO  [restartedMain] springfox.documentation.spring.web.readers.operation.CachingOperationNameGenerator [40] -| Generating unique operation named: listUsingGET_2
2018-12-05 10:57:32.471 |-INFO  [restartedMain] springfox.documentation.spring.web.readers.operation.CachingOperationNameGenerator [40] -| Generating unique operation named: createUsingPOST_2
2018-12-05 10:57:32.481 |-INFO  [restartedMain] springfox.documentation.spring.web.readers.operation.CachingOperationNameGenerator [40] -| Generating unique operation named: deleteUsingGET_2
2018-12-05 10:57:32.481 |-INFO  [restartedMain] springfox.documentation.spring.web.readers.operation.CachingOperationNameGenerator [40] -| Generating unique operation named: deleteUsingPOST_2
2018-12-05 10:57:32.481 |-INFO  [restartedMain] springfox.documentation.spring.web.readers.operation.CachingOperationNameGenerator [40] -| Generating unique operation named: listUsingGET_3
2018-12-05 10:57:32.491 |-INFO  [restartedMain] springfox.documentation.spring.web.readers.operation.CachingOperationNameGenerator [40] -| Generating unique operation named: createUsingPOST_3
2018-12-05 10:57:32.491 |-INFO  [restartedMain] springfox.documentation.spring.web.readers.operation.CachingOperationNameGenerator [40] -| Generating unique operation named: deleteUsingGET_3
2018-12-05 10:57:32.501 |-INFO  [restartedMain] springfox.documentation.spring.web.readers.operation.CachingOperationNameGenerator [40] -| Generating unique operation named: deleteUsingPOST_3
2018-12-05 10:57:32.501 |-INFO  [restartedMain] springfox.documentation.spring.web.readers.operation.CachingOperationNameGenerator [40] -| Generating unique operation named: listUsingGET_4
2018-12-05 10:57:32.501 |-INFO  [restartedMain] springfox.documentation.spring.web.readers.operation.CachingOperationNameGenerator [40] -| Generating unique operation named: createUsingPOST_4
2018-12-05 10:57:32.501 |-INFO  [restartedMain] springfox.documentation.spring.web.readers.operation.CachingOperationNameGenerator [40] -| Generating unique operation named: deleteUsingGET_4
2018-12-05 10:57:32.511 |-INFO  [restartedMain] springfox.documentation.spring.web.readers.operation.CachingOperationNameGenerator [40] -| Generating unique operation named: deleteUsingPOST_4
2018-12-05 10:57:32.511 |-INFO  [restartedMain] springfox.documentation.spring.web.readers.operation.CachingOperationNameGenerator [40] -| Generating unique operation named: listUsingGET_5
2018-12-05 10:57:32.511 |-INFO  [restartedMain] springfox.documentation.spring.web.readers.operation.CachingOperationNameGenerator [40] -| Generating unique operation named: permissionsUsingGET_1
2018-12-05 10:57:32.531 |-DEBUG [restartedMain] com.fuyi.framework.service.listener.ApplicationContextListener [27] -| >>>>> spring初始化完毕 <<<<<
2018-12-05 10:57:32.541 |-DEBUG [restartedMain] com.fuyi.framework.service.listener.ApplicationContextListener [31] -| >>>>> com.fuyi.upms.alone.service.OperationLogServiceImpl.initMapper()
2018-12-05 10:57:32.541 |-DEBUG [restartedMain] com.fuyi.framework.service.listener.ApplicationContextListener [31] -| >>>>> com.fuyi.upms.alone.service.OrganizationServiceImpl.initMapper()
2018-12-05 10:57:32.541 |-DEBUG [restartedMain] com.fuyi.framework.service.listener.ApplicationContextListener [31] -| >>>>> com.fuyi.upms.alone.service.PermissionServiceImpl$$EnhancerBySpringCGLIB$$495eecb5.initMapper()
2018-12-05 10:57:32.551 |-DEBUG [restartedMain] com.fuyi.framework.service.listener.ApplicationContextListener [31] -| >>>>> com.fuyi.upms.alone.service.RoleServiceImpl$$EnhancerBySpringCGLIB$$9ffc580.initMapper()
2018-12-05 10:57:32.551 |-DEBUG [restartedMain] com.fuyi.framework.service.listener.ApplicationContextListener [31] -| >>>>> com.fuyi.upms.alone.service.SystemServiceImpl.initMapper()
2018-12-05 10:57:32.551 |-DEBUG [restartedMain] com.fuyi.framework.service.listener.ApplicationContextListener [31] -| >>>>> com.fuyi.upms.alone.service.UserServiceImpl$$EnhancerBySpringCGLIB$$e049ed01.initMapper()
2018-12-05 10:57:32.561 |-DEBUG [restartedMain] com.fuyi.framework.service.listener.ApplicationContextListener [43] -| >>>>> 系统开始初始化 <<<<<
2018-12-05 10:57:32.561 |-DEBUG [restartedMain] com.fuyi.framework.service.listener.ApplicationContextListener [45] -| >>>>> com.fuyi.upms.alone.init.Initialize.init()
2018-12-05 10:57:32.561 |-INFO  [restartedMain] com.fuyi.upms.alone.init.Initialize [19] -| >>>>> 系统初始化
2018-12-05 10:57:32.561 |-INFO  [restartedMain] org.apache.coyote.http11.Http11NioProtocol [173] -| Starting ProtocolHandler ["http-nio-8090"]
2018-12-05 10:57:32.571 |-INFO  [restartedMain] org.apache.tomcat.util.net.NioSelectorPool [173] -| Using a shared selector for servlet write/read
2018-12-05 10:57:32.601 |-INFO  [restartedMain] org.springframework.boot.web.embedded.tomcat.TomcatWebServer [204] -| Tomcat started on port(s): 8090 (http) with context path ''
2018-12-05 10:57:32.611 |-INFO  [restartedMain] com.fuyi.upms.alone.UpmsAloneBootApplication [59] -| Started UpmsAloneBootApplication in 11.188 seconds (JVM running for 15.125)
